<?xml version="1.0" encoding="UTF-8" ?>
<testsuite tests="18" failures="1" name="Cases.TestCases" time="8.769" errors="0" skipped="0">
  <properties>
[...]
</properties>
  <testcase classname="Cases.TestCases" name="TokenAndSession" time="3.617"/>
  <testcase classname="Cases.TestCases" name="CreateList" time="0.646"/>
  <testcase classname="Cases.TestCases" name="CreateList" time="0.264"/>
  <testcase classname="Cases.TestCases" name="CreateList" time="0.346"/>
  <testcase classname="Cases.TestCases" name="AddMovieToList" time="0.203"/>
  <testcase classname="Cases.TestCases" name="AddMovieToList" time="0.279"/>
  <testcase classname="Cases.TestCases" name="AddMovieToList" time="0.224"/>
  <testcase classname="Cases.TestCases" name="AddMovieToList" time="0.375"/>
  <testcase classname="Cases.TestCases" name="AddMovieToList" time="0.184"/>
  <testcase classname="Cases.TestCases" name="AddMovieToList" time="0.185"/>
  <testcase classname="Cases.TestCases" name="AddMovieToList" time="0.305"/>
  <testcase classname="Cases.TestCases" name="AddMovieToList" time="0.412"/>
  <testcase classname="Cases.TestCases" name="AddMovieToList" time="0.217"/>
  <testcase classname="Cases.TestCases" name="ClearList" time="0.284"/>
  <testcase classname="Cases.TestCases" name="DeleteList" time="0.254">
    <failure message="1 expectation failed.
Expected status code &lt;201&gt; but was &lt;500&gt;.
" type="java.lang.AssertionError">java.lang.AssertionError: 1 expectation failed.
Expected status code &lt;201&gt; but was &lt;500&gt;.

	at java.base/jdk.internal.reflect.NativeConstructorAccessorImpl.newInstance0(Native Method)
	at java.base/jdk.internal.reflect.NativeConstructorAccessorImpl.newInstance(NativeConstructorAccessorImpl.java:77)
	at java.base/jdk.internal.reflect.DelegatingConstructorAccessorImpl.newInstance(DelegatingConstructorAccessorImpl.java:45)
	at java.base/java.lang.reflect.Constructor.newInstanceWithCaller(Constructor.java:499)
	at java.base/java.lang.reflect.Constructor.newInstance(Constructor.java:480)
	at org.codehaus.groovy.reflection.CachedConstructor.invoke(CachedConstructor.java:72)
	at org.codehaus.groovy.runtime.callsite.ConstructorSite$ConstructorSiteNoUnwrapNoCoerce.callConstructor(ConstructorSite.java:105)
	at org.codehaus.groovy.runtime.callsite.CallSiteArray.defaultCallConstructor(CallSiteArray.java:59)
	at org.codehaus.groovy.runtime.callsite.AbstractCallSite.callConstructor(AbstractCallSite.java:263)
	at org.codehaus.groovy.runtime.callsite.AbstractCallSite.callConstructor(AbstractCallSite.java:277)
	at io.restassured.internal.ResponseSpecificationImpl$HamcrestAssertionClosure.validate(ResponseSpecificationImpl.groovy:499)
	at io.restassured.internal.ResponseSpecificationImpl$HamcrestAssertionClosure$validate$1.call(Unknown Source)
	at io.restassured.internal.ResponseSpecificationImpl.validateResponseIfRequired(ResponseSpecificationImpl.groovy:684)
	at jdk.internal.reflect.GeneratedMethodAccessor134.invoke(Unknown Source)
	at java.base/jdk.internal.reflect.DelegatingMethodAccessorImpl.invoke(DelegatingMethodAccessorImpl.java:43)
	at java.base/java.lang.reflect.Method.invoke(Method.java:568)
	at org.codehaus.groovy.runtime.callsite.PlainObjectMetaMethodSite.doInvoke(PlainObjectMetaMethodSite.java:43)
	at org.codehaus.groovy.runtime.callsite.PogoMetaMethodSite$PogoCachedMethodSiteNoUnwrapNoCoerce.invoke(PogoMetaMethodSite.java:193)
	at org.codehaus.groovy.runtime.callsite.PogoMetaMethodSite.callCurrent(PogoMetaMethodSite.java:61)
	at org.codehaus.groovy.runtime.callsite.AbstractCallSite.callCurrent(AbstractCallSite.java:185)
	at io.restassured.internal.ResponseSpecificationImpl.statusCode(ResponseSpecificationImpl.groovy:127)
	at io.restassured.specification.ResponseSpecification$statusCode$0.callCurrent(Unknown Source)
	at io.restassured.internal.ResponseSpecificationImpl.statusCode(ResponseSpecificationImpl.groovy:135)
	at io.restassured.internal.ValidatableResponseOptionsImpl.statusCode(ValidatableResponseOptionsImpl.java:89)
	at io.restassured.internal.ValidatableResponseImpl.super$2$statusCode(ValidatableResponseImpl.groovy)
	at jdk.internal.reflect.GeneratedMethodAccessor133.invoke(Unknown Source)
	at java.base/jdk.internal.reflect.DelegatingMethodAccessorImpl.invoke(DelegatingMethodAccessorImpl.java:43)
	at java.base/java.lang.reflect.Method.invoke(Method.java:568)
	at org.codehaus.groovy.reflection.CachedMethod.invoke(CachedMethod.java:107)
	at groovy.lang.MetaMethod.doMethodInvoke(MetaMethod.java:323)
	at groovy.lang.MetaClassImpl.invokeMethod(MetaClassImpl.java:1268)
	at org.codehaus.groovy.runtime.ScriptBytecodeAdapter.invokeMethodOnSuperN(ScriptBytecodeAdapter.java:144)
	at io.restassured.internal.ValidatableResponseImpl.statusCode(ValidatableResponseImpl.groovy:142)
	at io.restassured.internal.ValidatableResponseImpl.statusCode(ValidatableResponseImpl.groovy)
	at Cases.TestCases.DeleteList(TestCases.java:126)
</failure>
    <system-out>Deleting list 8193355
</system-out>
  </testcase>
  <testcase classname="Cases.TestCases" name="SearchBy" time="0.235"/>
  <testcase classname="Cases.TestCases" name="SearchBy" time="0.366"/>
  <testcase classname="Cases.TestCases" name="SearchBy" time="0.373"/>
</testsuite>